[2017-04-15 19:59:26] Blog.INFO: Matched route "{route}". {"route":"home","route_parameters":{"_controller":"[object] (Closure: {})","_route":"home"},"request_uri":"http://blog/","method":"GET"} []
[2017-04-15 20:02:35] Blog.INFO: Matched route "{route}". {"route":"home","route_parameters":{"_controller":"[object] (Closure: {})","_route":"home"},"request_uri":"http://blog/","method":"GET"} []
[2017-04-15 20:12:24] Blog.INFO: Matched route "{route}". {"route":"home","route_parameters":{"_controller":"Blog\\Controller\\HomeController::indexAction","_route":"home"},"request_uri":"http://blog/","method":"GET"} []
[2017-04-15 20:12:24] Blog.CRITICAL: Twig_Error_Runtime: An exception has been thrown during the rendering of a template ("Unable to generate a URL for the named route "billet" as such route does not exist."). (uncaught exception) at D:\MAMP\htdocs\Blog\views\index.html.twig line 8 {"exception":"[object] (Twig_Error_Runtime(code: 0): An exception has been thrown during the rendering of a template (\"Unable to generate a URL for the named route \"billet\" as such route does not exist.\"). at D:\\MAMP\\htdocs\\Blog\\views\\index.html.twig:8, Symfony\\Component\\Routing\\Exception\\RouteNotFoundException(code: 0): Unable to generate a URL for the named route \"billet\" as such route does not exist. at D:\\MAMP\\htdocs\\Blog\\vendor\\symfony\\routing\\Generator\\UrlGenerator.php:130)"} []
[2017-04-15 20:12:26] Blog.INFO: Matched route "{route}". {"route":"home","route_parameters":{"_controller":"Blog\\Controller\\HomeController::indexAction","_route":"home"},"request_uri":"http://blog/","method":"GET"} []
[2017-04-15 20:12:26] Blog.CRITICAL: Twig_Error_Runtime: An exception has been thrown during the rendering of a template ("Unable to generate a URL for the named route "billet" as such route does not exist."). (uncaught exception) at D:\MAMP\htdocs\Blog\views\index.html.twig line 8 {"exception":"[object] (Twig_Error_Runtime(code: 0): An exception has been thrown during the rendering of a template (\"Unable to generate a URL for the named route \"billet\" as such route does not exist.\"). at D:\\MAMP\\htdocs\\Blog\\views\\index.html.twig:8, Symfony\\Component\\Routing\\Exception\\RouteNotFoundException(code: 0): Unable to generate a URL for the named route \"billet\" as such route does not exist. at D:\\MAMP\\htdocs\\Blog\\vendor\\symfony\\routing\\Generator\\UrlGenerator.php:130)"} []
[2017-04-15 20:12:39] Blog.INFO: Matched route "{route}". {"route":"admin","route_parameters":{"_controller":"Blog\\Controller\\AdminController::indexAction","_route":"admin"},"request_uri":"http://blog/admin","method":"GET"} []
[2017-04-15 20:12:39] Blog.CRITICAL: Twig_Error_Runtime: An exception has been thrown during the rendering of a template ("Unable to generate a URL for the named route "billet" as such route does not exist."). (uncaught exception) at D:\MAMP\htdocs\Blog\views\admin.html.twig line 37 {"exception":"[object] (Twig_Error_Runtime(code: 0): An exception has been thrown during the rendering of a template (\"Unable to generate a URL for the named route \"billet\" as such route does not exist.\"). at D:\\MAMP\\htdocs\\Blog\\views\\admin.html.twig:37, Symfony\\Component\\Routing\\Exception\\RouteNotFoundException(code: 0): Unable to generate a URL for the named route \"billet\" as such route does not exist. at D:\\MAMP\\htdocs\\Blog\\vendor\\symfony\\routing\\Generator\\UrlGenerator.php:130)"} []
[2017-04-15 20:12:40] Blog.INFO: Matched route "{route}". {"route":"home","route_parameters":{"_controller":"Blog\\Controller\\HomeController::indexAction","_route":"home"},"request_uri":"http://blog/","method":"GET"} []
[2017-04-15 20:12:40] Blog.CRITICAL: Twig_Error_Runtime: An exception has been thrown during the rendering of a template ("Unable to generate a URL for the named route "billet" as such route does not exist."). (uncaught exception) at D:\MAMP\htdocs\Blog\views\index.html.twig line 8 {"exception":"[object] (Twig_Error_Runtime(code: 0): An exception has been thrown during the rendering of a template (\"Unable to generate a URL for the named route \"billet\" as such route does not exist.\"). at D:\\MAMP\\htdocs\\Blog\\views\\index.html.twig:8, Symfony\\Component\\Routing\\Exception\\RouteNotFoundException(code: 0): Unable to generate a URL for the named route \"billet\" as such route does not exist. at D:\\MAMP\\htdocs\\Blog\\vendor\\symfony\\routing\\Generator\\UrlGenerator.php:130)"} []
[2017-04-15 20:12:41] Blog.INFO: Matched route "{route}". {"route":"home","route_parameters":{"_controller":"Blog\\Controller\\HomeController::indexAction","_route":"home"},"request_uri":"http://blog/","method":"GET"} []
[2017-04-15 20:12:41] Blog.CRITICAL: Twig_Error_Runtime: An exception has been thrown during the rendering of a template ("Unable to generate a URL for the named route "billet" as such route does not exist."). (uncaught exception) at D:\MAMP\htdocs\Blog\views\index.html.twig line 8 {"exception":"[object] (Twig_Error_Runtime(code: 0): An exception has been thrown during the rendering of a template (\"Unable to generate a URL for the named route \"billet\" as such route does not exist.\"). at D:\\MAMP\\htdocs\\Blog\\views\\index.html.twig:8, Symfony\\Component\\Routing\\Exception\\RouteNotFoundException(code: 0): Unable to generate a URL for the named route \"billet\" as such route does not exist. at D:\\MAMP\\htdocs\\Blog\\vendor\\symfony\\routing\\Generator\\UrlGenerator.php:130)"} []
[2017-04-15 20:12:52] Blog.INFO: Matched route "{route}". {"route":"home","route_parameters":{"_controller":"Blog\\Controller\\HomeController::indexAction","_route":"home"},"request_uri":"http://blog/","method":"GET"} []
[2017-04-15 20:12:54] Blog.INFO: Matched route "{route}". {"route":"home","route_parameters":{"_controller":"Blog\\Controller\\HomeController::indexAction","_route":"home"},"request_uri":"http://blog/","method":"GET"} []
[2017-04-15 20:12:55] Blog.INFO: Matched route "{route}". {"route":"admin","route_parameters":{"_controller":"Blog\\Controller\\AdminController::indexAction","_route":"admin"},"request_uri":"http://blog/admin","method":"GET"} []
[2017-04-15 20:12:55] Blog.CRITICAL: Twig_Error_Runtime: An exception has been thrown during the rendering of a template ("Unable to generate a URL for the named route "admin_billet_edit" as such route does not exist."). (uncaught exception) at D:\MAMP\htdocs\Blog\views\admin.html.twig line 42 {"exception":"[object] (Twig_Error_Runtime(code: 0): An exception has been thrown during the rendering of a template (\"Unable to generate a URL for the named route \"admin_billet_edit\" as such route does not exist.\"). at D:\\MAMP\\htdocs\\Blog\\views\\admin.html.twig:42, Symfony\\Component\\Routing\\Exception\\RouteNotFoundException(code: 0): Unable to generate a URL for the named route \"admin_billet_edit\" as such route does not exist. at D:\\MAMP\\htdocs\\Blog\\vendor\\symfony\\routing\\Generator\\UrlGenerator.php:130)"} []
[2017-04-15 20:12:56] Blog.INFO: Matched route "{route}". {"route":"admin","route_parameters":{"_controller":"Blog\\Controller\\AdminController::indexAction","_route":"admin"},"request_uri":"http://blog/admin","method":"GET"} []
[2017-04-15 20:12:56] Blog.CRITICAL: Twig_Error_Runtime: An exception has been thrown during the rendering of a template ("Unable to generate a URL for the named route "admin_billet_edit" as such route does not exist."). (uncaught exception) at D:\MAMP\htdocs\Blog\views\admin.html.twig line 42 {"exception":"[object] (Twig_Error_Runtime(code: 0): An exception has been thrown during the rendering of a template (\"Unable to generate a URL for the named route \"admin_billet_edit\" as such route does not exist.\"). at D:\\MAMP\\htdocs\\Blog\\views\\admin.html.twig:42, Symfony\\Component\\Routing\\Exception\\RouteNotFoundException(code: 0): Unable to generate a URL for the named route \"admin_billet_edit\" as such route does not exist. at D:\\MAMP\\htdocs\\Blog\\vendor\\symfony\\routing\\Generator\\UrlGenerator.php:130)"} []
[2017-04-15 20:13:12] Blog.INFO: Matched route "{route}". {"route":"admin","route_parameters":{"_controller":"Blog\\Controller\\AdminController::indexAction","_route":"admin"},"request_uri":"http://blog/admin","method":"GET"} []
[2017-04-15 20:18:20] Blog.INFO: Matched route "{route}". {"route":"home","route_parameters":{"_controller":"Blog\\Controller\\HomeController::indexAction","_route":"home"},"request_uri":"http://blog/","method":"GET"} []
[2017-04-15 20:19:07] Blog.INFO: Matched route "{route}". {"route":"home","route_parameters":{"_controller":"Blog\\Controller\\HomeController::indexAction","_route":"home"},"request_uri":"http://blog/","method":"GET"} []
[2017-04-15 20:19:24] Blog.INFO: Matched route "{route}". {"route":"admin","route_parameters":{"_controller":"Blog\\Controller\\AdminController::indexAction","_route":"admin"},"request_uri":"http://blog/admin","method":"GET"} []
[2017-04-15 20:20:01] Blog.INFO: Matched route "{route}". {"route":"home","route_parameters":{"_controller":"Blog\\Controller\\HomeController::indexAction","_route":"home"},"request_uri":"http://blog/","method":"GET"} []
[2017-04-15 20:20:03] Blog.INFO: Matched route "{route}". {"route":"admin","route_parameters":{"_controller":"Blog\\Controller\\AdminController::indexAction","_route":"admin"},"request_uri":"http://blog/admin","method":"GET"} []
[2017-04-15 20:20:05] Blog.INFO: Matched route "{route}". {"route":"admin_billet_add","route_parameters":{"_controller":"Blog\\Controller\\AdminController::addBilletAction","_route":"admin_billet_add"},"request_uri":"http://blog/admin/billet/add","method":"GET"} []
[2017-04-15 20:20:17] Blog.INFO: Matched route "{route}". {"route":"home","route_parameters":{"_controller":"Blog\\Controller\\HomeController::indexAction","_route":"home"},"request_uri":"http://blog/","method":"GET"} []
[2017-04-15 20:22:17] Blog.INFO: Matched route "{route}". {"route":"home","route_parameters":{"_controller":"Blog\\Controller\\HomeController::indexAction","_route":"home"},"request_uri":"http://blog/","method":"GET"} []
[2017-04-15 20:22:19] Blog.INFO: Matched route "{route}". {"route":"admin","route_parameters":{"_controller":"Blog\\Controller\\AdminController::indexAction","_route":"admin"},"request_uri":"http://blog/admin","method":"GET"} []
[2017-04-15 20:22:21] Blog.INFO: Matched route "{route}". {"route":"admin_billet_add","route_parameters":{"_controller":"Blog\\Controller\\AdminController::addBilletAction","_route":"admin_billet_add"},"request_uri":"http://blog/admin/billet/add","method":"GET"} []
[2017-04-15 20:25:54] Blog.INFO: Matched route "{route}". {"route":"admin_billet_add","route_parameters":{"_controller":"Blog\\Controller\\AdminController::addBilletAction","_route":"admin_billet_add"},"request_uri":"http://blog/admin/billet/add","method":"GET"} []
[2017-04-15 20:26:01] Blog.INFO: Matched route "{route}". {"route":"home","route_parameters":{"_controller":"Blog\\Controller\\HomeController::indexAction","_route":"home"},"request_uri":"http://blog/","method":"GET"} []
[2017-04-15 20:26:03] Blog.INFO: Matched route "{route}". {"route":"billet","route_parameters":{"_controller":"Blog\\Controller\\HomeController::billetAction","id":"6","_route":"billet"},"request_uri":"http://blog/billet/6","method":"GET"} []
[2017-04-15 20:26:08] Blog.INFO: Matched route "{route}". {"route":"admin","route_parameters":{"_controller":"Blog\\Controller\\AdminController::indexAction","_route":"admin"},"request_uri":"http://blog/admin","method":"GET"} []
[2017-04-15 20:26:09] Blog.INFO: Matched route "{route}". {"route":"admin_billet_add","route_parameters":{"_controller":"Blog\\Controller\\AdminController::addBilletAction","_route":"admin_billet_add"},"request_uri":"http://blog/admin/billet/add","method":"GET"} []
[2017-04-15 20:26:28] Blog.INFO: Matched route "{route}". {"route":"admin_billet_add","route_parameters":{"_controller":"Blog\\Controller\\AdminController::addBilletAction","_route":"admin_billet_add"},"request_uri":"http://blog/admin/billet/add","method":"GET"} []
[2017-04-15 20:26:31] Blog.INFO: Matched route "{route}". {"route":"admin_billet_add","route_parameters":{"_controller":"Blog\\Controller\\AdminController::addBilletAction","_route":"admin_billet_add"},"request_uri":"http://blog/admin/billet/add","method":"POST"} []
[2017-04-15 20:27:57] Blog.INFO: Matched route "{route}". {"route":"admin_billet_add","route_parameters":{"_controller":"Blog\\Controller\\AdminController::addBilletAction","_route":"admin_billet_add"},"request_uri":"http://blog/admin/billet/add","method":"POST"} []
[2017-04-15 20:28:11] Blog.INFO: Matched route "{route}". {"route":"admin_billet_add","route_parameters":{"_controller":"Blog\\Controller\\AdminController::addBilletAction","_route":"admin_billet_add"},"request_uri":"http://blog/admin/billet/add","method":"POST"} []
[2017-04-15 20:28:14] Blog.INFO: Matched route "{route}". {"route":"home","route_parameters":{"_controller":"Blog\\Controller\\HomeController::indexAction","_route":"home"},"request_uri":"http://blog/","method":"GET"} []
[2017-04-15 20:28:18] Blog.INFO: Matched route "{route}". {"route":"home","route_parameters":{"_controller":"Blog\\Controller\\HomeController::indexAction","_route":"home"},"request_uri":"http://blog/","method":"GET"} []
[2017-04-15 20:28:21] Blog.INFO: Matched route "{route}". {"route":"admin","route_parameters":{"_controller":"Blog\\Controller\\AdminController::indexAction","_route":"admin"},"request_uri":"http://blog/admin","method":"GET"} []
[2017-04-15 20:28:24] Blog.INFO: Matched route "{route}". {"route":"admin_billet_add","route_parameters":{"_controller":"Blog\\Controller\\AdminController::addBilletAction","_route":"admin_billet_add"},"request_uri":"http://blog/admin/billet/add","method":"GET"} []
[2017-04-15 20:28:39] Blog.INFO: Matched route "{route}". {"route":"admin","route_parameters":{"_controller":"Blog\\Controller\\AdminController::indexAction","_route":"admin"},"request_uri":"http://blog/admin","method":"GET"} []
[2017-04-16 13:42:26] Blog.INFO: Matched route "{route}". {"route":"home","route_parameters":{"_controller":"Blog\\Controller\\HomeController::indexAction","_route":"home"},"request_uri":"http://blog/","method":"GET"} []
[2017-04-16 13:42:26] Blog.INFO: Matched route "{route}". {"route":"home","route_parameters":{"_controller":"Blog\\Controller\\HomeController::indexAction","_route":"home"},"request_uri":"http://blog/","method":"GET"} []
[2017-04-16 13:42:30] Blog.INFO: Matched route "{route}". {"route":"admin","route_parameters":{"_controller":"Blog\\Controller\\AdminController::indexAction","_route":"admin"},"request_uri":"http://blog/admin","method":"GET"} []
[2017-04-16 13:43:09] Blog.INFO: Matched route "{route}". {"route":"home","route_parameters":{"_controller":"Blog\\Controller\\HomeController::indexAction","_route":"home"},"request_uri":"http://blog/","method":"GET"} []
[2017-04-16 13:45:16] Blog.INFO: Matched route "{route}". {"route":"billet","route_parameters":{"_controller":"Blog\\Controller\\HomeController::billetAction","id":"6","_route":"billet"},"request_uri":"http://blog/billet/6","method":"GET"} []
[2017-04-16 13:45:25] Blog.INFO: Matched route "{route}". {"route":"billet","route_parameters":{"_controller":"Blog\\Controller\\HomeController::billetAction","id":"6","_route":"billet"},"request_uri":"http://blog/billet/6","method":"POST"} []
[2017-04-16 13:47:03] Blog.INFO: Matched route "{route}". {"route":"home","route_parameters":{"_controller":"Blog\\Controller\\HomeController::indexAction","_route":"home"},"request_uri":"http://blog/","method":"GET"} []
[2017-04-16 13:47:05] Blog.INFO: Matched route "{route}". {"route":"billet","route_parameters":{"_controller":"Blog\\Controller\\HomeController::billetAction","id":"9","_route":"billet"},"request_uri":"http://blog/billet/9","method":"GET"} []
[2017-04-16 13:47:14] Blog.INFO: Matched route "{route}". {"route":"billet","route_parameters":{"_controller":"Blog\\Controller\\HomeController::billetAction","id":"6","_route":"billet"},"request_uri":"http://blog/billet/6","method":"GET"} []
[2017-04-16 13:54:02] Blog.INFO: Matched route "{route}". {"route":"home","route_parameters":{"_controller":"Blog\\Controller\\HomeController::indexAction","_route":"home"},"request_uri":"http://blog/","method":"GET"} []
[2017-04-16 13:55:21] Blog.INFO: Matched route "{route}". {"route":"home","route_parameters":{"_controller":"Blog\\Controller\\HomeController::indexAction","_route":"home"},"request_uri":"http://blog/","method":"GET"} []
[2017-04-16 13:55:22] Blog.INFO: Matched route "{route}". {"route":"home","route_parameters":{"_controller":"Blog\\Controller\\HomeController::indexAction","_route":"home"},"request_uri":"http://blog/","method":"GET"} []
[2017-04-16 13:55:23] Blog.INFO: Matched route "{route}". {"route":"billet","route_parameters":{"_controller":"Blog\\Controller\\HomeController::billetAction","id":"9","_route":"billet"},"request_uri":"http://blog/billet/9","method":"GET"} []
[2017-04-16 13:55:26] Blog.INFO: Matched route "{route}". {"route":"billet","route_parameters":{"_controller":"Blog\\Controller\\HomeController::billetAction","id":"9","_route":"billet"},"request_uri":"http://blog/billet/9","method":"GET"} []
[2017-04-16 13:55:27] Blog.INFO: Matched route "{route}". {"route":"admin","route_parameters":{"_controller":"Blog\\Controller\\AdminController::indexAction","_route":"admin"},"request_uri":"http://blog/admin","method":"GET"} []
[2017-04-16 13:55:29] Blog.INFO: Matched route "{route}". {"route":"admin_billet_add","route_parameters":{"_controller":"Blog\\Controller\\AdminController::addBilletAction","_route":"admin_billet_add"},"request_uri":"http://blog/admin/billet/add","method":"GET"} []
[2017-04-16 13:56:33] Blog.INFO: Matched route "{route}". {"route":"admin_billet_add","route_parameters":{"_controller":"Blog\\Controller\\AdminController::addBilletAction","_route":"admin_billet_add"},"request_uri":"http://blog/admin/billet/add","method":"GET"} []
[2017-04-16 13:56:36] Blog.INFO: Matched route "{route}". {"route":"admin","route_parameters":{"_controller":"Blog\\Controller\\AdminController::indexAction","_route":"admin"},"request_uri":"http://blog/admin","method":"GET"} []
[2017-04-16 13:56:37] Blog.INFO: Matched route "{route}". {"route":"home","route_parameters":{"_controller":"Blog\\Controller\\HomeController::indexAction","_route":"home"},"request_uri":"http://blog/","method":"GET"} []
[2017-04-16 13:56:38] Blog.INFO: Matched route "{route}". {"route":"admin","route_parameters":{"_controller":"Blog\\Controller\\AdminController::indexAction","_route":"admin"},"request_uri":"http://blog/admin","method":"GET"} []
[2017-04-16 13:56:40] Blog.INFO: Matched route "{route}". {"route":"admin_billet_add","route_parameters":{"_controller":"Blog\\Controller\\AdminController::addBilletAction","_route":"admin_billet_add"},"request_uri":"http://blog/admin/billet/add","method":"GET"} []
[2017-04-16 13:57:20] Blog.INFO: Matched route "{route}". {"route":"admin_billet_add","route_parameters":{"_controller":"Blog\\Controller\\AdminController::addBilletAction","_route":"admin_billet_add"},"request_uri":"http://blog/admin/billet/add","method":"GET"} []
[2017-04-16 13:57:22] Blog.INFO: Matched route "{route}". {"route":"admin_billet_add","route_parameters":{"_controller":"Blog\\Controller\\AdminController::addBilletAction","_route":"admin_billet_add"},"request_uri":"http://blog/admin/billet/add","method":"GET"} []
[2017-04-16 13:57:24] Blog.INFO: Matched route "{route}". {"route":"admin","route_parameters":{"_controller":"Blog\\Controller\\AdminController::indexAction","_route":"admin"},"request_uri":"http://blog/admin","method":"GET"} []
[2017-04-16 13:57:28] Blog.INFO: Matched route "{route}". {"route":"home","route_parameters":{"_controller":"Blog\\Controller\\HomeController::indexAction","_route":"home"},"request_uri":"http://blog/","method":"GET"} []
[2017-04-16 13:57:28] Blog.INFO: Matched route "{route}". {"route":"home","route_parameters":{"_controller":"Blog\\Controller\\HomeController::indexAction","_route":"home"},"request_uri":"http://blog/","method":"GET"} []
[2017-04-16 13:57:30] Blog.INFO: Matched route "{route}". {"route":"admin","route_parameters":{"_controller":"Blog\\Controller\\AdminController::indexAction","_route":"admin"},"request_uri":"http://blog/admin","method":"GET"} []
[2017-04-16 13:57:31] Blog.INFO: Matched route "{route}". {"route":"admin_billet_add","route_parameters":{"_controller":"Blog\\Controller\\AdminController::addBilletAction","_route":"admin_billet_add"},"request_uri":"http://blog/admin/billet/add","method":"GET"} []
[2017-04-16 13:57:34] Blog.INFO: Matched route "{route}". {"route":"home","route_parameters":{"_controller":"Blog\\Controller\\HomeController::indexAction","_route":"home"},"request_uri":"http://blog/","method":"GET"} []
[2017-04-16 13:57:35] Blog.INFO: Matched route "{route}". {"route":"admin","route_parameters":{"_controller":"Blog\\Controller\\AdminController::indexAction","_route":"admin"},"request_uri":"http://blog/admin","method":"GET"} []
[2017-04-16 13:57:37] Blog.INFO: Matched route "{route}". {"route":"admin_billet_add","route_parameters":{"_controller":"Blog\\Controller\\AdminController::addBilletAction","_route":"admin_billet_add"},"request_uri":"http://blog/admin/billet/add","method":"GET"} []
[2017-04-16 13:58:08] Blog.INFO: Matched route "{route}". {"route":"admin_billet_add","route_parameters":{"_controller":"Blog\\Controller\\AdminController::addBilletAction","_route":"admin_billet_add"},"request_uri":"http://blog/admin/billet/add","method":"GET"} []
[2017-04-16 13:58:24] Blog.INFO: Matched route "{route}". {"route":"home","route_parameters":{"_controller":"Blog\\Controller\\HomeController::indexAction","_route":"home"},"request_uri":"http://blog/","method":"GET"} []
[2017-04-16 13:59:25] Blog.INFO: Matched route "{route}". {"route":"home","route_parameters":{"_controller":"Blog\\Controller\\HomeController::indexAction","_route":"home"},"request_uri":"http://blog/","method":"GET"} []
[2017-04-16 13:59:27] Blog.INFO: Matched route "{route}". {"route":"admin","route_parameters":{"_controller":"Blog\\Controller\\AdminController::indexAction","_route":"admin"},"request_uri":"http://blog/admin","method":"GET"} []
[2017-04-16 13:59:28] Blog.INFO: Matched route "{route}". {"route":"admin_billet_add","route_parameters":{"_controller":"Blog\\Controller\\AdminController::addBilletAction","_route":"admin_billet_add"},"request_uri":"http://blog/admin/billet/add","method":"GET"} []
[2017-04-16 14:22:53] Blog.INFO: Matched route "{route}". {"route":"home","route_parameters":{"_controller":"Blog\\Controller\\HomeController::indexAction","_route":"home"},"request_uri":"http://blog/","method":"GET"} []
[2017-04-16 14:22:56] Blog.INFO: Matched route "{route}". {"route":"home","route_parameters":{"_controller":"Blog\\Controller\\HomeController::indexAction","_route":"home"},"request_uri":"http://blog/","method":"GET"} []
[2017-04-16 14:22:57] Blog.INFO: Matched route "{route}". {"route":"admin","route_parameters":{"_controller":"Blog\\Controller\\AdminController::indexAction","_route":"admin"},"request_uri":"http://blog/admin","method":"GET"} []
[2017-04-16 14:22:59] Blog.INFO: Matched route "{route}". {"route":"admin_billet_add","route_parameters":{"_controller":"Blog\\Controller\\AdminController::addBilletAction","_route":"admin_billet_add"},"request_uri":"http://blog/admin/billet/add","method":"GET"} []
[2017-04-16 14:23:18] Blog.INFO: Matched route "{route}". {"route":"admin_billet_add","route_parameters":{"_controller":"Blog\\Controller\\AdminController::addBilletAction","_route":"admin_billet_add"},"request_uri":"http://blog/admin/billet/add","method":"GET"} []
[2017-04-16 14:24:20] Blog.INFO: Matched route "{route}". {"route":"admin_billet_add","route_parameters":{"_controller":"Blog\\Controller\\AdminController::addBilletAction","_route":"admin_billet_add"},"request_uri":"http://blog/admin/billet/add","method":"POST"} []
[2017-04-16 14:24:22] Blog.INFO: Matched route "{route}". {"route":"home","route_parameters":{"_controller":"Blog\\Controller\\HomeController::indexAction","_route":"home"},"request_uri":"http://blog/","method":"GET"} []
[2017-04-16 14:25:45] Blog.INFO: Matched route "{route}". {"route":"home","route_parameters":{"_controller":"Blog\\Controller\\HomeController::indexAction","_route":"home"},"request_uri":"http://blog/","method":"GET"} []
[2017-04-16 14:25:46] Blog.INFO: Matched route "{route}". {"route":"admin","route_parameters":{"_controller":"Blog\\Controller\\AdminController::indexAction","_route":"admin"},"request_uri":"http://blog/admin","method":"GET"} []
[2017-04-16 14:25:48] Blog.INFO: Matched route "{route}". {"route":"admin_billet_add","route_parameters":{"_controller":"Blog\\Controller\\AdminController::addBilletAction","_route":"admin_billet_add"},"request_uri":"http://blog/admin/billet/add","method":"GET"} []
[2017-04-16 14:26:40] Blog.INFO: Matched route "{route}". {"route":"admin_billet_add","route_parameters":{"_controller":"Blog\\Controller\\AdminController::addBilletAction","_route":"admin_billet_add"},"request_uri":"http://blog/admin/billet/add","method":"GET"} []
[2017-04-16 14:26:41] Blog.INFO: Matched route "{route}". {"route":"admin_billet_add","route_parameters":{"_controller":"Blog\\Controller\\AdminController::addBilletAction","_route":"admin_billet_add"},"request_uri":"http://blog/admin/billet/add","method":"GET"} []
[2017-04-16 14:26:54] Blog.INFO: Matched route "{route}". {"route":"admin_billet_add","route_parameters":{"_controller":"Blog\\Controller\\AdminController::addBilletAction","_route":"admin_billet_add"},"request_uri":"http://blog/admin/billet/add","method":"GET"} []
[2017-04-16 14:27:04] Blog.INFO: Matched route "{route}". {"route":"admin_billet_add","route_parameters":{"_controller":"Blog\\Controller\\AdminController::addBilletAction","_route":"admin_billet_add"},"request_uri":"http://blog/admin/billet/add","method":"GET"} []
[2017-04-16 14:27:05] Blog.INFO: Matched route "{route}". {"route":"admin_billet_add","route_parameters":{"_controller":"Blog\\Controller\\AdminController::addBilletAction","_route":"admin_billet_add"},"request_uri":"http://blog/admin/billet/add","method":"GET"} []
[2017-04-16 14:27:08] Blog.INFO: Matched route "{route}". {"route":"home","route_parameters":{"_controller":"Blog\\Controller\\HomeController::indexAction","_route":"home"},"request_uri":"http://blog/","method":"GET"} []
[2017-04-16 14:27:09] Blog.INFO: Matched route "{route}". {"route":"admin","route_parameters":{"_controller":"Blog\\Controller\\AdminController::indexAction","_route":"admin"},"request_uri":"http://blog/admin","method":"GET"} []
[2017-04-16 14:27:10] Blog.INFO: Matched route "{route}". {"route":"admin_billet_add","route_parameters":{"_controller":"Blog\\Controller\\AdminController::addBilletAction","_route":"admin_billet_add"},"request_uri":"http://blog/admin/billet/add","method":"GET"} []
[2017-04-16 14:27:27] Blog.INFO: Matched route "{route}". {"route":"admin_billet_add","route_parameters":{"_controller":"Blog\\Controller\\AdminController::addBilletAction","_route":"admin_billet_add"},"request_uri":"http://blog/admin/billet/add","method":"GET"} []
[2017-04-16 14:27:35] Blog.INFO: Matched route "{route}". {"route":"admin_billet_add","route_parameters":{"_controller":"Blog\\Controller\\AdminController::addBilletAction","_route":"admin_billet_add"},"request_uri":"http://blog/admin/billet/add","method":"GET"} []
[2017-04-16 14:27:47] Blog.INFO: Matched route "{route}". {"route":"admin_billet_add","route_parameters":{"_controller":"Blog\\Controller\\AdminController::addBilletAction","_route":"admin_billet_add"},"request_uri":"http://blog/admin/billet/add","method":"GET"} []
[2017-04-16 14:27:56] Blog.INFO: Matched route "{route}". {"route":"admin_billet_add","route_parameters":{"_controller":"Blog\\Controller\\AdminController::addBilletAction","_route":"admin_billet_add"},"request_uri":"http://blog/admin/billet/add","method":"GET"} []
[2017-04-16 14:29:00] Blog.INFO: Matched route "{route}". {"route":"admin_billet_add","route_parameters":{"_controller":"Blog\\Controller\\AdminController::addBilletAction","_route":"admin_billet_add"},"request_uri":"http://blog/admin/billet/add","method":"GET"} []
[2017-04-16 14:29:01] Blog.INFO: Matched route "{route}". {"route":"admin_billet_add","route_parameters":{"_controller":"Blog\\Controller\\AdminController::addBilletAction","_route":"admin_billet_add"},"request_uri":"http://blog/admin/billet/add","method":"GET"} []
[2017-04-16 14:29:09] Blog.INFO: Matched route "{route}". {"route":"admin_billet_add","route_parameters":{"_controller":"Blog\\Controller\\AdminController::addBilletAction","_route":"admin_billet_add"},"request_uri":"http://blog/admin/billet/add","method":"POST"} []
[2017-04-16 14:29:09] Blog.CRITICAL: Doctrine\DBAL\Exception\NotNullConstraintViolationException: An exception occurred while executing 'INSERT INTO t_billet (billet_title, billet_content, billet_publication, author) VALUES (?, ?, ?, ?)' with params ["x", null, "2017-04-16 14:29:00", "2"]:  SQLSTATE[23000]: Integrity constraint violation: 1048 Column 'billet_content' cannot be null (uncaught exception) at D:\MAMP\htdocs\Blog\vendor\doctrine\dbal\lib\Doctrine\DBAL\Driver\AbstractMySQLDriver.php line 112 {"exception":"[object] (Doctrine\\DBAL\\Exception\\NotNullConstraintViolationException(code: 0): An exception occurred while executing 'INSERT INTO t_billet (billet_title, billet_content, billet_publication, author) VALUES (?, ?, ?, ?)' with params [\"x\", null, \"2017-04-16 14:29:00\", \"2\"]:\n\nSQLSTATE[23000]: Integrity constraint violation: 1048 Column 'billet_content' cannot be null at D:\\MAMP\\htdocs\\Blog\\vendor\\doctrine\\dbal\\lib\\Doctrine\\DBAL\\Driver\\AbstractMySQLDriver.php:112, Doctrine\\DBAL\\Driver\\PDOException(code: 23000): SQLSTATE[23000]: Integrity constraint violation: 1048 Column 'billet_content' cannot be null at D:\\MAMP\\htdocs\\Blog\\vendor\\doctrine\\dbal\\lib\\Doctrine\\DBAL\\Driver\\PDOStatement.php:93, PDOException(code: 23000): SQLSTATE[23000]: Integrity constraint violation: 1048 Column 'billet_content' cannot be null at D:\\MAMP\\htdocs\\Blog\\vendor\\doctrine\\dbal\\lib\\Doctrine\\DBAL\\Driver\\PDOStatement.php:91)"} []
[2017-04-16 14:29:10] Blog.INFO: Matched route "{route}". {"route":"home","route_parameters":{"_controller":"Blog\\Controller\\HomeController::indexAction","_route":"home"},"request_uri":"http://blog/","method":"GET"} []
[2017-04-16 14:29:13] Blog.INFO: Matched route "{route}". {"route":"admin","route_parameters":{"_controller":"Blog\\Controller\\AdminController::indexAction","_route":"admin"},"request_uri":"http://blog/admin","method":"GET"} []
[2017-04-16 14:29:14] Blog.INFO: Matched route "{route}". {"route":"admin_billet_add","route_parameters":{"_controller":"Blog\\Controller\\AdminController::addBilletAction","_route":"admin_billet_add"},"request_uri":"http://blog/admin/billet/add","method":"GET"} []
[2017-04-16 14:30:18] Blog.INFO: Matched route "{route}". {"route":"home","route_parameters":{"_controller":"Blog\\Controller\\HomeController::indexAction","_route":"home"},"request_uri":"http://blog/","method":"GET"} []
[2017-04-16 14:30:21] Blog.INFO: Matched route "{route}". {"route":"admin","route_parameters":{"_controller":"Blog\\Controller\\AdminController::indexAction","_route":"admin"},"request_uri":"http://blog/admin","method":"GET"} []
[2017-04-16 14:30:24] Blog.INFO: Matched route "{route}". {"route":"admin_billet_add","route_parameters":{"_controller":"Blog\\Controller\\AdminController::addBilletAction","_route":"admin_billet_add"},"request_uri":"http://blog/admin/billet/add","method":"GET"} []
[2017-04-16 14:33:34] Blog.INFO: Matched route "{route}". {"route":"home","route_parameters":{"_controller":"Blog\\Controller\\HomeController::indexAction","_route":"home"},"request_uri":"http://blog/","method":"GET"} []
[2017-04-16 14:33:34] Blog.INFO: Matched route "{route}". {"route":"admin","route_parameters":{"_controller":"Blog\\Controller\\AdminController::indexAction","_route":"admin"},"request_uri":"http://blog/admin","method":"GET"} []
[2017-04-16 14:33:35] Blog.INFO: Matched route "{route}". {"route":"admin_billet_add","route_parameters":{"_controller":"Blog\\Controller\\AdminController::addBilletAction","_route":"admin_billet_add"},"request_uri":"http://blog/admin/billet/add","method":"GET"} []
[2017-04-16 14:33:37] Blog.INFO: Matched route "{route}". {"route":"admin_billet_add","route_parameters":{"_controller":"Blog\\Controller\\AdminController::addBilletAction","_route":"admin_billet_add"},"request_uri":"http://blog/admin/billet/add","method":"GET"} []
[2017-04-16 14:34:08] Blog.INFO: Matched route "{route}". {"route":"admin_billet_add","route_parameters":{"_controller":"Blog\\Controller\\AdminController::addBilletAction","_route":"admin_billet_add"},"request_uri":"http://blog/admin/billet/add","method":"GET"} []
[2017-04-16 14:34:11] Blog.INFO: Matched route "{route}". {"route":"admin_billet_add","route_parameters":{"_controller":"Blog\\Controller\\AdminController::addBilletAction","_route":"admin_billet_add"},"request_uri":"http://blog/admin/billet/add","method":"POST"} []
[2017-04-16 14:34:13] Blog.INFO: Matched route "{route}". {"route":"home","route_parameters":{"_controller":"Blog\\Controller\\HomeController::indexAction","_route":"home"},"request_uri":"http://blog/","method":"GET"} []
[2017-04-16 14:34:19] Blog.INFO: Matched route "{route}". {"route":"admin","route_parameters":{"_controller":"Blog\\Controller\\AdminController::indexAction","_route":"admin"},"request_uri":"http://blog/admin","method":"GET"} []
[2017-04-16 14:34:24] Blog.INFO: Matched route "{route}". {"route":"admin","route_parameters":{"_controller":"Blog\\Controller\\AdminController::indexAction","_route":"admin"},"request_uri":"http://blog/admin","method":"GET"} []
[2017-04-16 14:34:31] Blog.INFO: Matched route "{route}". {"route":"home","route_parameters":{"_controller":"Blog\\Controller\\HomeController::indexAction","_route":"home"},"request_uri":"http://blog/","method":"GET"} []
[2017-04-16 14:34:35] Blog.INFO: Matched route "{route}". {"route":"admin","route_parameters":{"_controller":"Blog\\Controller\\AdminController::indexAction","_route":"admin"},"request_uri":"http://blog/admin","method":"GET"} []
[2017-04-16 14:34:36] Blog.INFO: Matched route "{route}". {"route":"admin_billet_add","route_parameters":{"_controller":"Blog\\Controller\\AdminController::addBilletAction","_route":"admin_billet_add"},"request_uri":"http://blog/admin/billet/add","method":"GET"} []
[2017-04-16 14:34:47] Blog.INFO: Matched route "{route}". {"route":"admin_billet_add","route_parameters":{"_controller":"Blog\\Controller\\AdminController::addBilletAction","_route":"admin_billet_add"},"request_uri":"http://blog/admin/billet/add","method":"POST"} []
[2017-04-16 14:34:48] Blog.INFO: Matched route "{route}". {"route":"home","route_parameters":{"_controller":"Blog\\Controller\\HomeController::indexAction","_route":"home"},"request_uri":"http://blog/","method":"GET"} []
[2017-04-16 14:35:13] Blog.INFO: Matched route "{route}". {"route":"home","route_parameters":{"_controller":"Blog\\Controller\\HomeController::indexAction","_route":"home"},"request_uri":"http://blog/","method":"GET"} []
[2017-04-16 14:35:26] Blog.INFO: Matched route "{route}". {"route":"home","route_parameters":{"_controller":"Blog\\Controller\\HomeController::indexAction","_route":"home"},"request_uri":"http://blog/","method":"GET"} []
[2017-04-16 14:37:06] Blog.INFO: Matched route "{route}". {"route":"admin","route_parameters":{"_controller":"Blog\\Controller\\AdminController::indexAction","_route":"admin"},"request_uri":"http://blog/admin","method":"GET"} []
[2017-04-16 14:37:07] Blog.INFO: Matched route "{route}". {"route":"admin_billet_add","route_parameters":{"_controller":"Blog\\Controller\\AdminController::addBilletAction","_route":"admin_billet_add"},"request_uri":"http://blog/admin/billet/add","method":"GET"} []
[2017-04-16 14:39:06] Blog.INFO: Matched route "{route}". {"route":"admin_billet_add","route_parameters":{"_controller":"Blog\\Controller\\AdminController::addBilletAction","_route":"admin_billet_add"},"request_uri":"http://blog/admin/billet/add","method":"GET"} []
[2017-04-16 14:40:22] Blog.INFO: Matched route "{route}". {"route":"admin_billet_add","route_parameters":{"_controller":"Blog\\Controller\\AdminController::addBilletAction","_route":"admin_billet_add"},"request_uri":"http://blog/admin/billet/add","method":"GET"} []
[2017-04-16 14:40:26] Blog.INFO: Matched route "{route}". {"route":"admin_billet_add","route_parameters":{"_controller":"Blog\\Controller\\AdminController::addBilletAction","_route":"admin_billet_add"},"request_uri":"http://blog/admin/billet/add","method":"POST"} []
[2017-04-16 14:40:29] Blog.INFO: Matched route "{route}". {"route":"home","route_parameters":{"_controller":"Blog\\Controller\\HomeController::indexAction","_route":"home"},"request_uri":"http://blog/","method":"GET"} []
[2017-04-16 14:40:32] Blog.INFO: Matched route "{route}". {"route":"admin","route_parameters":{"_controller":"Blog\\Controller\\AdminController::indexAction","_route":"admin"},"request_uri":"http://blog/admin","method":"GET"} []
[2017-04-16 14:40:34] Blog.INFO: Matched route "{route}". {"route":"admin_billet_add","route_parameters":{"_controller":"Blog\\Controller\\AdminController::addBilletAction","_route":"admin_billet_add"},"request_uri":"http://blog/admin/billet/add","method":"GET"} []
[2017-04-16 14:40:46] Blog.INFO: Matched route "{route}". {"route":"admin_billet_add","route_parameters":{"_controller":"Blog\\Controller\\AdminController::addBilletAction","_route":"admin_billet_add"},"request_uri":"http://blog/admin/billet/add","method":"POST"} []
[2017-04-16 14:40:49] Blog.INFO: Matched route "{route}". {"route":"home","route_parameters":{"_controller":"Blog\\Controller\\HomeController::indexAction","_route":"home"},"request_uri":"http://blog/","method":"GET"} []
[2017-04-16 14:40:52] Blog.INFO: Matched route "{route}". {"route":"home","route_parameters":{"_controller":"Blog\\Controller\\HomeController::indexAction","_route":"home"},"request_uri":"http://blog/","method":"GET"} []
[2017-04-16 14:41:33] Blog.INFO: Matched route "{route}". {"route":"admin","route_parameters":{"_controller":"Blog\\Controller\\AdminController::indexAction","_route":"admin"},"request_uri":"http://blog/admin","method":"GET"} []
[2017-04-16 14:41:36] Blog.INFO: Matched route "{route}". {"route":"admin_billet_delete","route_parameters":{"_controller":"Blog\\Controller\\AdminController::deleteBilletAction","id":"14","_route":"admin_billet_delete"},"request_uri":"http://blog/admin/billet/14/delete","method":"GET"} []
[2017-04-16 14:41:36] Blog.INFO: Matched route "{route}". {"route":"admin","route_parameters":{"_controller":"Blog\\Controller\\AdminController::indexAction","_route":"admin"},"request_uri":"http://blog/admin","method":"GET"} []
[2017-04-16 14:41:39] Blog.INFO: Matched route "{route}". {"route":"admin_billet_delete","route_parameters":{"_controller":"Blog\\Controller\\AdminController::deleteBilletAction","id":"13","_route":"admin_billet_delete"},"request_uri":"http://blog/admin/billet/13/delete","method":"GET"} []
[2017-04-16 14:41:39] Blog.INFO: Matched route "{route}". {"route":"admin","route_parameters":{"_controller":"Blog\\Controller\\AdminController::indexAction","_route":"admin"},"request_uri":"http://blog/admin","method":"GET"} []
[2017-04-16 14:41:41] Blog.INFO: Matched route "{route}". {"route":"admin_billet_delete","route_parameters":{"_controller":"Blog\\Controller\\AdminController::deleteBilletAction","id":"12","_route":"admin_billet_delete"},"request_uri":"http://blog/admin/billet/12/delete","method":"GET"} []
[2017-04-16 14:41:41] Blog.INFO: Matched route "{route}". {"route":"admin","route_parameters":{"_controller":"Blog\\Controller\\AdminController::indexAction","_route":"admin"},"request_uri":"http://blog/admin","method":"GET"} []
[2017-04-16 14:41:42] Blog.INFO: Matched route "{route}". {"route":"admin_billet_delete","route_parameters":{"_controller":"Blog\\Controller\\AdminController::deleteBilletAction","id":"11","_route":"admin_billet_delete"},"request_uri":"http://blog/admin/billet/11/delete","method":"GET"} []
[2017-04-16 14:41:42] Blog.INFO: Matched route "{route}". {"route":"admin","route_parameters":{"_controller":"Blog\\Controller\\AdminController::indexAction","_route":"admin"},"request_uri":"http://blog/admin","method":"GET"} []
[2017-04-16 14:41:44] Blog.INFO: Matched route "{route}". {"route":"admin_billet_delete","route_parameters":{"_controller":"Blog\\Controller\\AdminController::deleteBilletAction","id":"10","_route":"admin_billet_delete"},"request_uri":"http://blog/admin/billet/10/delete","method":"GET"} []
[2017-04-16 14:41:45] Blog.INFO: Matched route "{route}". {"route":"admin","route_parameters":{"_controller":"Blog\\Controller\\AdminController::indexAction","_route":"admin"},"request_uri":"http://blog/admin","method":"GET"} []
[2017-04-16 14:41:46] Blog.INFO: Matched route "{route}". {"route":"admin_billet_add","route_parameters":{"_controller":"Blog\\Controller\\AdminController::addBilletAction","_route":"admin_billet_add"},"request_uri":"http://blog/admin/billet/add","method":"GET"} []
[2017-04-16 14:41:55] Blog.INFO: Matched route "{route}". {"route":"admin_billet_add","route_parameters":{"_controller":"Blog\\Controller\\AdminController::addBilletAction","_route":"admin_billet_add"},"request_uri":"http://blog/admin/billet/add","method":"POST"} []
[2017-04-16 14:41:56] Blog.INFO: Matched route "{route}". {"route":"home","route_parameters":{"_controller":"Blog\\Controller\\HomeController::indexAction","_route":"home"},"request_uri":"http://blog/","method":"GET"} []
[2017-04-16 14:48:38] Blog.INFO: Matched route "{route}". {"route":"home","route_parameters":{"_controller":"Blog\\Controller\\HomeController::indexAction","_route":"home"},"request_uri":"http://blog/","method":"GET"} []
[2017-04-16 14:48:40] Blog.INFO: Matched route "{route}". {"route":"admin","route_parameters":{"_controller":"Blog\\Controller\\AdminController::indexAction","_route":"admin"},"request_uri":"http://blog/admin","method":"GET"} []
[2017-04-16 14:48:41] Blog.INFO: Matched route "{route}". {"route":"admin_billet_add","route_parameters":{"_controller":"Blog\\Controller\\AdminController::addBilletAction","_route":"admin_billet_add"},"request_uri":"http://blog/admin/billet/add","method":"GET"} []
[2017-04-16 14:48:46] Blog.INFO: Matched route "{route}". {"route":"admin_billet_add","route_parameters":{"_controller":"Blog\\Controller\\AdminController::addBilletAction","_route":"admin_billet_add"},"request_uri":"http://blog/admin/billet/add","method":"POST"} []
[2017-04-16 14:48:48] Blog.INFO: Matched route "{route}". {"route":"home","route_parameters":{"_controller":"Blog\\Controller\\HomeController::indexAction","_route":"home"},"request_uri":"http://blog/","method":"GET"} []
[2017-04-16 14:48:54] Blog.INFO: Matched route "{route}". {"route":"admin","route_parameters":{"_controller":"Blog\\Controller\\AdminController::indexAction","_route":"admin"},"request_uri":"http://blog/admin","method":"GET"} []
[2017-04-16 14:49:25] Blog.INFO: Matched route "{route}". {"route":"admin","route_parameters":{"_controller":"Blog\\Controller\\AdminController::indexAction","_route":"admin"},"request_uri":"http://blog/admin","method":"GET"} []
[2017-04-16 14:49:27] Blog.INFO: Matched route "{route}". {"route":"admin_billet_add","route_parameters":{"_controller":"Blog\\Controller\\AdminController::addBilletAction","_route":"admin_billet_add"},"request_uri":"http://blog/admin/billet/add","method":"GET"} []
[2017-04-16 14:49:33] Blog.INFO: Matched route "{route}". {"route":"admin_billet_add","route_parameters":{"_controller":"Blog\\Controller\\AdminController::addBilletAction","_route":"admin_billet_add"},"request_uri":"http://blog/admin/billet/add","method":"POST"} []
[2017-04-16 14:49:34] Blog.INFO: Matched route "{route}". {"route":"home","route_parameters":{"_controller":"Blog\\Controller\\HomeController::indexAction","_route":"home"},"request_uri":"http://blog/","method":"GET"} []
[2017-04-16 14:50:27] Blog.INFO: Matched route "{route}". {"route":"home","route_parameters":{"_controller":"Blog\\Controller\\HomeController::indexAction","_route":"home"},"request_uri":"http://blog/","method":"GET"} []
[2017-04-16 14:50:29] Blog.INFO: Matched route "{route}". {"route":"home","route_parameters":{"_controller":"Blog\\Controller\\HomeController::indexAction","_route":"home"},"request_uri":"http://blog/","method":"GET"} []
[2017-04-16 14:50:30] Blog.INFO: Matched route "{route}". {"route":"home","route_parameters":{"_controller":"Blog\\Controller\\HomeController::indexAction","_route":"home"},"request_uri":"http://blog/","method":"GET"} []
[2017-04-16 14:50:31] Blog.INFO: Matched route "{route}". {"route":"home","route_parameters":{"_controller":"Blog\\Controller\\HomeController::indexAction","_route":"home"},"request_uri":"http://blog/","method":"GET"} []
[2017-04-16 14:50:32] Blog.INFO: Matched route "{route}". {"route":"home","route_parameters":{"_controller":"Blog\\Controller\\HomeController::indexAction","_route":"home"},"request_uri":"http://blog/","method":"GET"} []
[2017-04-16 14:50:33] Blog.INFO: Matched route "{route}". {"route":"home","route_parameters":{"_controller":"Blog\\Controller\\HomeController::indexAction","_route":"home"},"request_uri":"http://blog/","method":"GET"} []
[2017-04-16 14:50:46] Blog.INFO: Matched route "{route}". {"route":"home","route_parameters":{"_controller":"Blog\\Controller\\HomeController::indexAction","_route":"home"},"request_uri":"http://blog/","method":"GET"} []
[2017-04-16 14:50:46] Blog.CRITICAL: Symfony\Component\Debug\Exception\ContextErrorException: Warning: htmlspecialchars_decode() expects parameter 1 to be string, object given (uncaught exception) at D:\MAMP\htdocs\Blog\src\DAO\BilletDAO.php line 142 {"exception":"[object] (Symfony\\Component\\Debug\\Exception\\ContextErrorException(code: 0): Warning: htmlspecialchars_decode() expects parameter 1 to be string, object given at D:\\MAMP\\htdocs\\Blog\\src\\DAO\\BilletDAO.php:142)"} []
[2017-04-16 14:50:47] Blog.INFO: Matched route "{route}". {"route":"home","route_parameters":{"_controller":"Blog\\Controller\\HomeController::indexAction","_route":"home"},"request_uri":"http://blog/","method":"GET"} []
[2017-04-16 14:50:47] Blog.CRITICAL: Symfony\Component\Debug\Exception\ContextErrorException: Warning: htmlspecialchars_decode() expects parameter 1 to be string, object given (uncaught exception) at D:\MAMP\htdocs\Blog\src\DAO\BilletDAO.php line 142 {"exception":"[object] (Symfony\\Component\\Debug\\Exception\\ContextErrorException(code: 0): Warning: htmlspecialchars_decode() expects parameter 1 to be string, object given at D:\\MAMP\\htdocs\\Blog\\src\\DAO\\BilletDAO.php:142)"} []
[2017-04-16 14:51:14] Blog.INFO: Matched route "{route}". {"route":"home","route_parameters":{"_controller":"Blog\\Controller\\HomeController::indexAction","_route":"home"},"request_uri":"http://blog/","method":"GET"} []
[2017-04-16 14:51:16] Blog.INFO: Matched route "{route}". {"route":"home","route_parameters":{"_controller":"Blog\\Controller\\HomeController::indexAction","_route":"home"},"request_uri":"http://blog/","method":"GET"} []
[2017-04-16 15:32:55] Blog.INFO: Matched route "{route}". {"route":"admin","route_parameters":{"_controller":"Blog\\Controller\\AdminController::indexAction","_route":"admin"},"request_uri":"http://blog/admin","method":"GET"} []
[2017-04-16 15:33:00] Blog.INFO: Matched route "{route}". {"route":"admin_billet_delete","route_parameters":{"_controller":"Blog\\Controller\\AdminController::deleteBilletAction","id":"15","_route":"admin_billet_delete"},"request_uri":"http://blog/admin/billet/15/delete","method":"GET"} []
[2017-04-16 15:33:00] Blog.INFO: Matched route "{route}". {"route":"admin","route_parameters":{"_controller":"Blog\\Controller\\AdminController::indexAction","_route":"admin"},"request_uri":"http://blog/admin","method":"GET"} []
[2017-04-16 15:33:03] Blog.INFO: Matched route "{route}". {"route":"admin_billet_delete","route_parameters":{"_controller":"Blog\\Controller\\AdminController::deleteBilletAction","id":"17","_route":"admin_billet_delete"},"request_uri":"http://blog/admin/billet/17/delete","method":"GET"} []
[2017-04-16 15:33:03] Blog.INFO: Matched route "{route}". {"route":"admin","route_parameters":{"_controller":"Blog\\Controller\\AdminController::indexAction","_route":"admin"},"request_uri":"http://blog/admin","method":"GET"} []
[2017-04-16 15:33:05] Blog.INFO: Matched route "{route}". {"route":"admin_billet_delete","route_parameters":{"_controller":"Blog\\Controller\\AdminController::deleteBilletAction","id":"16","_route":"admin_billet_delete"},"request_uri":"http://blog/admin/billet/16/delete","method":"GET"} []
[2017-04-16 15:33:05] Blog.INFO: Matched route "{route}". {"route":"admin","route_parameters":{"_controller":"Blog\\Controller\\AdminController::indexAction","_route":"admin"},"request_uri":"http://blog/admin","method":"GET"} []
[2017-04-16 15:33:06] Blog.INFO: Matched route "{route}". {"route":"home","route_parameters":{"_controller":"Blog\\Controller\\HomeController::indexAction","_route":"home"},"request_uri":"http://blog/","method":"GET"} []
[2017-04-16 15:33:33] Blog.INFO: Matched route "{route}". {"route":"home","route_parameters":{"_controller":"Blog\\Controller\\HomeController::indexAction","_route":"home"},"request_uri":"http://blog/","method":"GET"} []
[2017-04-16 15:35:11] Blog.INFO: Matched route "{route}". {"route":"home","route_parameters":{"_controller":"Blog\\Controller\\HomeController::indexAction","_route":"home"},"request_uri":"http://blog/","method":"GET"} []
[2017-04-16 15:35:13] Blog.INFO: Matched route "{route}". {"route":"admin","route_parameters":{"_controller":"Blog\\Controller\\AdminController::indexAction","_route":"admin"},"request_uri":"http://blog/admin","method":"GET"} []
[2017-04-16 15:35:19] Blog.INFO: Matched route "{route}". {"route":"home","route_parameters":{"_controller":"Blog\\Controller\\HomeController::indexAction","_route":"home"},"request_uri":"http://blog/","method":"GET"} []
[2017-04-16 15:44:41] Blog.INFO: Matched route "{route}". {"route":"home","route_parameters":{"_controller":"Blog\\Controller\\HomeController::indexAction","_route":"home"},"request_uri":"http://blog/","method":"GET"} []
[2017-04-16 15:44:43] Blog.INFO: Matched route "{route}". {"route":"admin","route_parameters":{"_controller":"Blog\\Controller\\AdminController::indexAction","_route":"admin"},"request_uri":"http://blog/admin","method":"GET"} []
[2017-04-16 15:44:45] Blog.INFO: Matched route "{route}". {"route":"admin_billet_add","route_parameters":{"_controller":"Blog\\Controller\\AdminController::addBilletAction","_route":"admin_billet_add"},"request_uri":"http://blog/admin/billet/add","method":"GET"} []
[2017-04-16 15:45:23] Blog.INFO: Matched route "{route}". {"route":"admin_billet_add","route_parameters":{"_controller":"Blog\\Controller\\AdminController::addBilletAction","_route":"admin_billet_add"},"request_uri":"http://blog/admin/billet/add","method":"GET"} []
[2017-04-16 15:45:29] Blog.INFO: Matched route "{route}". {"route":"admin_billet_add","route_parameters":{"_controller":"Blog\\Controller\\AdminController::addBilletAction","_route":"admin_billet_add"},"request_uri":"http://blog/admin/billet/add","method":"GET"} []
[2017-04-16 15:45:32] Blog.INFO: Matched route "{route}". {"route":"admin_billet_add","route_parameters":{"_controller":"Blog\\Controller\\AdminController::addBilletAction","_route":"admin_billet_add"},"request_uri":"http://blog/admin/billet/add","method":"POST"} []
[2017-04-16 15:45:32] Blog.CRITICAL: Doctrine\DBAL\Exception\NotNullConstraintViolationException: An exception occurred while executing 'INSERT INTO t_billet (billet_title, billet_content, billet_publication, author) VALUES (?, ?, ?, ?)' with params [null, "<p>aze<\/p>", "2017-04-16 15:45:00", "2"]:  SQLSTATE[23000]: Integrity constraint violation: 1048 Column 'billet_title' cannot be null (uncaught exception) at D:\MAMP\htdocs\Blog\vendor\doctrine\dbal\lib\Doctrine\DBAL\Driver\AbstractMySQLDriver.php line 112 {"exception":"[object] (Doctrine\\DBAL\\Exception\\NotNullConstraintViolationException(code: 0): An exception occurred while executing 'INSERT INTO t_billet (billet_title, billet_content, billet_publication, author) VALUES (?, ?, ?, ?)' with params [null, \"<p>aze<\\/p>\", \"2017-04-16 15:45:00\", \"2\"]:\n\nSQLSTATE[23000]: Integrity constraint violation: 1048 Column 'billet_title' cannot be null at D:\\MAMP\\htdocs\\Blog\\vendor\\doctrine\\dbal\\lib\\Doctrine\\DBAL\\Driver\\AbstractMySQLDriver.php:112, Doctrine\\DBAL\\Driver\\PDOException(code: 23000): SQLSTATE[23000]: Integrity constraint violation: 1048 Column 'billet_title' cannot be null at D:\\MAMP\\htdocs\\Blog\\vendor\\doctrine\\dbal\\lib\\Doctrine\\DBAL\\Driver\\PDOStatement.php:93, PDOException(code: 23000): SQLSTATE[23000]: Integrity constraint violation: 1048 Column 'billet_title' cannot be null at D:\\MAMP\\htdocs\\Blog\\vendor\\doctrine\\dbal\\lib\\Doctrine\\DBAL\\Driver\\PDOStatement.php:91)"} []
[2017-04-16 15:45:33] Blog.INFO: Matched route "{route}". {"route":"home","route_parameters":{"_controller":"Blog\\Controller\\HomeController::indexAction","_route":"home"},"request_uri":"http://blog/","method":"GET"} []
[2017-04-16 15:45:40] Blog.INFO: Matched route "{route}". {"route":"admin","route_parameters":{"_controller":"Blog\\Controller\\AdminController::indexAction","_route":"admin"},"request_uri":"http://blog/admin","method":"GET"} []
[2017-04-16 16:02:40] Blog.INFO: Matched route "{route}". {"route":"admin","route_parameters":{"_controller":"Blog\\Controller\\AdminController::indexAction","_route":"admin"},"request_uri":"http://blog/admin","method":"GET"} []
[2017-04-16 16:02:43] Blog.INFO: Matched route "{route}". {"route":"home","route_parameters":{"_controller":"Blog\\Controller\\HomeController::indexAction","_route":"home"},"request_uri":"http://blog/","method":"GET"} []
[2017-04-16 16:02:45] Blog.INFO: Matched route "{route}". {"route":"admin","route_parameters":{"_controller":"Blog\\Controller\\AdminController::indexAction","_route":"admin"},"request_uri":"http://blog/admin","method":"GET"} []
[2017-04-16 16:02:46] Blog.INFO: Matched route "{route}". {"route":"admin_billet_add","route_parameters":{"_controller":"Blog\\Controller\\AdminController::addBilletAction","_route":"admin_billet_add"},"request_uri":"http://blog/admin/billet/add","method":"GET"} []
[2017-04-16 16:02:49] Blog.INFO: Matched route "{route}". {"route":"admin_billet_add","route_parameters":{"_controller":"Blog\\Controller\\AdminController::addBilletAction","_route":"admin_billet_add"},"request_uri":"http://blog/admin/billet/add","method":"POST"} []
[2017-04-16 16:02:51] Blog.INFO: Matched route "{route}". {"route":"home","route_parameters":{"_controller":"Blog\\Controller\\HomeController::indexAction","_route":"home"},"request_uri":"http://blog/","method":"GET"} []
[2017-04-16 16:03:10] Blog.INFO: Matched route "{route}". {"route":"home","route_parameters":{"_controller":"Blog\\Controller\\HomeController::indexAction","_route":"home"},"request_uri":"http://blog/","method":"GET"} []
[2017-04-16 16:03:12] Blog.INFO: Matched route "{route}". {"route":"admin","route_parameters":{"_controller":"Blog\\Controller\\AdminController::indexAction","_route":"admin"},"request_uri":"http://blog/admin","method":"GET"} []
[2017-04-16 16:03:13] Blog.INFO: Matched route "{route}". {"route":"admin_billet_add","route_parameters":{"_controller":"Blog\\Controller\\AdminController::addBilletAction","_route":"admin_billet_add"},"request_uri":"http://blog/admin/billet/add","method":"GET"} []
[2017-04-16 16:03:13] Blog.CRITICAL: Twig_Error_Syntax: Unknown "tinymce_init" function. (uncaught exception) at D:\MAMP\htdocs\Blog\views\billet_form.html.twig line 13 {"exception":"[object] (Twig_Error_Syntax(code: 0): Unknown \"tinymce_init\" function. at D:\\MAMP\\htdocs\\Blog\\views\\billet_form.html.twig:13)"} []
[2017-04-16 16:03:36] Blog.INFO: Matched route "{route}". {"route":"admin_billet_add","route_parameters":{"_controller":"Blog\\Controller\\AdminController::addBilletAction","_route":"admin_billet_add"},"request_uri":"http://blog/admin/billet/add","method":"GET"} []
[2017-04-16 16:03:36] Blog.CRITICAL: Twig_Error_Syntax: Unknown "tinymce_init" function. (uncaught exception) at D:\MAMP\htdocs\Blog\views\billet_form.html.twig line 13 {"exception":"[object] (Twig_Error_Syntax(code: 0): Unknown \"tinymce_init\" function. at D:\\MAMP\\htdocs\\Blog\\views\\billet_form.html.twig:13)"} []
[2017-04-16 16:05:08] Blog.INFO: Matched route "{route}". {"route":"admin_billet_add","route_parameters":{"_controller":"Blog\\Controller\\AdminController::addBilletAction","_route":"admin_billet_add"},"request_uri":"http://blog/admin/billet/add","method":"GET"} []
[2017-04-16 16:05:08] Blog.CRITICAL: Twig_Error_Syntax: Unknown "tinymce_init" function. (uncaught exception) at D:\MAMP\htdocs\Blog\views\billet_form.html.twig line 15 {"exception":"[object] (Twig_Error_Syntax(code: 0): Unknown \"tinymce_init\" function. at D:\\MAMP\\htdocs\\Blog\\views\\billet_form.html.twig:15)"} []
[2017-04-16 16:05:56] Blog.INFO: Matched route "{route}". {"route":"admin_billet_add","route_parameters":{"_controller":"Blog\\Controller\\AdminController::addBilletAction","_route":"admin_billet_add"},"request_uri":"http://blog/admin/billet/add","method":"GET"} []
[2017-04-16 16:05:56] Blog.CRITICAL: Twig_Error_Syntax: Unexpected token "punctuation" of value "{" ("end of print statement" expected). (uncaught exception) at D:\MAMP\htdocs\Blog\views\billet_form.html.twig line 39 {"exception":"[object] (Twig_Error_Syntax(code: 0): Unexpected token \"punctuation\" of value \"{\" (\"end of print statement\" expected). at D:\\MAMP\\htdocs\\Blog\\views\\billet_form.html.twig:39)"} []
[2017-04-16 16:05:57] Blog.INFO: Matched route "{route}". {"route":"admin_billet_add","route_parameters":{"_controller":"Blog\\Controller\\AdminController::addBilletAction","_route":"admin_billet_add"},"request_uri":"http://blog/admin/billet/add","method":"GET"} []
[2017-04-16 16:05:57] Blog.CRITICAL: Twig_Error_Syntax: Unexpected token "punctuation" of value "{" ("end of print statement" expected). (uncaught exception) at D:\MAMP\htdocs\Blog\views\billet_form.html.twig line 39 {"exception":"[object] (Twig_Error_Syntax(code: 0): Unexpected token \"punctuation\" of value \"{\" (\"end of print statement\" expected). at D:\\MAMP\\htdocs\\Blog\\views\\billet_form.html.twig:39)"} []
[2017-04-16 16:06:04] Blog.INFO: Matched route "{route}". {"route":"admin_billet_add","route_parameters":{"_controller":"Blog\\Controller\\AdminController::addBilletAction","_route":"admin_billet_add"},"request_uri":"http://blog/admin/billet/add","method":"GET"} []
[2017-04-16 16:20:37] Blog.INFO: Matched route "{route}". {"route":"admin_billet_add","route_parameters":{"_controller":"Blog\\Controller\\AdminController::addBilletAction","_route":"admin_billet_add"},"request_uri":"http://blog/admin/billet/add","method":"GET"} []
[2017-04-16 16:20:53] Blog.INFO: Matched route "{route}". {"route":"admin_billet_add","route_parameters":{"_controller":"Blog\\Controller\\AdminController::addBilletAction","_route":"admin_billet_add"},"request_uri":"http://blog/admin/billet/add","method":"GET"} []
[2017-04-16 16:22:19] Blog.INFO: Matched route "{route}". {"route":"admin_billet_add","route_parameters":{"_controller":"Blog\\Controller\\AdminController::addBilletAction","_route":"admin_billet_add"},"request_uri":"http://blog/admin/billet/add","method":"GET"} []
[2017-04-16 16:22:45] Blog.INFO: Matched route "{route}". {"route":"admin_billet_add","route_parameters":{"_controller":"Blog\\Controller\\AdminController::addBilletAction","_route":"admin_billet_add"},"request_uri":"http://blog/admin/billet/add","method":"GET"} []
[2017-04-16 16:22:51] Blog.INFO: Matched route "{route}". {"route":"admin_billet_add","route_parameters":{"_controller":"Blog\\Controller\\AdminController::addBilletAction","_route":"admin_billet_add"},"request_uri":"http://blog/admin/billet/add","method":"POST"} []
[2017-04-16 16:22:53] Blog.INFO: Matched route "{route}". {"route":"home","route_parameters":{"_controller":"Blog\\Controller\\HomeController::indexAction","_route":"home"},"request_uri":"http://blog/","method":"GET"} []
[2017-04-16 16:23:11] Blog.INFO: Matched route "{route}". {"route":"home","route_parameters":{"_controller":"Blog\\Controller\\HomeController::indexAction","_route":"home"},"request_uri":"http://blog/","method":"GET"} []
[2017-04-16 16:23:13] Blog.INFO: Matched route "{route}". {"route":"admin","route_parameters":{"_controller":"Blog\\Controller\\AdminController::indexAction","_route":"admin"},"request_uri":"http://blog/admin","method":"GET"} []
[2017-04-16 16:23:14] Blog.INFO: Matched route "{route}". {"route":"admin_billet_add","route_parameters":{"_controller":"Blog\\Controller\\AdminController::addBilletAction","_route":"admin_billet_add"},"request_uri":"http://blog/admin/billet/add","method":"GET"} []
[2017-04-16 16:23:27] Blog.INFO: Matched route "{route}". {"route":"admin_billet_add","route_parameters":{"_controller":"Blog\\Controller\\AdminController::addBilletAction","_route":"admin_billet_add"},"request_uri":"http://blog/admin/billet/add","method":"GET"} []
[2017-04-16 16:25:06] Blog.INFO: Matched route "{route}". {"route":"home","route_parameters":{"_controller":"Blog\\Controller\\HomeController::indexAction","_route":"home"},"request_uri":"http://blog/","method":"GET"} []
[2017-04-16 16:25:07] Blog.INFO: Matched route "{route}". {"route":"admin","route_parameters":{"_controller":"Blog\\Controller\\AdminController::indexAction","_route":"admin"},"request_uri":"http://blog/admin","method":"GET"} []
[2017-04-16 16:25:10] Blog.INFO: Matched route "{route}". {"route":"admin_billet_add","route_parameters":{"_controller":"Blog\\Controller\\AdminController::addBilletAction","_route":"admin_billet_add"},"request_uri":"http://blog/admin/billet/add","method":"GET"} []
[2017-04-16 16:26:00] Blog.INFO: Matched route "{route}". {"route":"admin_billet_add","route_parameters":{"_controller":"Blog\\Controller\\AdminController::addBilletAction","_route":"admin_billet_add"},"request_uri":"http://blog/admin/billet/add","method":"GET"} []
[2017-04-16 16:26:07] Blog.INFO: Matched route "{route}". {"route":"admin_billet_add","route_parameters":{"_controller":"Blog\\Controller\\AdminController::addBilletAction","_route":"admin_billet_add"},"request_uri":"http://blog/admin/billet/add","method":"GET"} []
[2017-04-16 16:26:15] Blog.INFO: Matched route "{route}". {"route":"admin_billet_add","route_parameters":{"_controller":"Blog\\Controller\\AdminController::addBilletAction","_route":"admin_billet_add"},"request_uri":"http://blog/admin/billet/add","method":"POST"} []
[2017-04-16 16:26:17] Blog.INFO: Matched route "{route}". {"route":"home","route_parameters":{"_controller":"Blog\\Controller\\HomeController::indexAction","_route":"home"},"request_uri":"http://blog/","method":"GET"} []
[2017-04-16 16:26:21] Blog.INFO: Matched route "{route}". {"route":"admin","route_parameters":{"_controller":"Blog\\Controller\\AdminController::indexAction","_route":"admin"},"request_uri":"http://blog/admin","method":"GET"} []
[2017-04-16 16:26:36] Blog.INFO: Matched route "{route}". {"route":"admin","route_parameters":{"_controller":"Blog\\Controller\\AdminController::indexAction","_route":"admin"},"request_uri":"http://blog/admin","method":"GET"} []
[2017-04-16 16:27:55] Blog.INFO: Matched route "{route}". {"route":"home","route_parameters":{"_controller":"Blog\\Controller\\HomeController::indexAction","_route":"home"},"request_uri":"http://blog/","method":"GET"} []
[2017-04-16 16:27:57] Blog.INFO: Matched route "{route}". {"route":"home","route_parameters":{"_controller":"Blog\\Controller\\HomeController::indexAction","_route":"home"},"request_uri":"http://blog/","method":"GET"} []
[2017-04-16 16:27:58] Blog.INFO: Matched route "{route}". {"route":"admin","route_parameters":{"_controller":"Blog\\Controller\\AdminController::indexAction","_route":"admin"},"request_uri":"http://blog/admin","method":"GET"} []
[2017-04-16 16:28:00] Blog.INFO: Matched route "{route}". {"route":"admin_billet_add","route_parameters":{"_controller":"Blog\\Controller\\AdminController::addBilletAction","_route":"admin_billet_add"},"request_uri":"http://blog/admin/billet/add","method":"GET"} []
[2017-04-16 16:32:16] Blog.INFO: Matched route "{route}". {"route":"admin","route_parameters":{"_controller":"Blog\\Controller\\AdminController::indexAction","_route":"admin"},"request_uri":"http://blog/admin","method":"GET"} []
[2017-04-16 16:32:31] Blog.INFO: Matched route "{route}". {"route":"admin","route_parameters":{"_controller":"Blog\\Controller\\AdminController::indexAction","_route":"admin"},"request_uri":"http://blog/admin","method":"GET"} []
[2017-04-16 16:32:33] Blog.INFO: Matched route "{route}". {"route":"admin_billet_add","route_parameters":{"_controller":"Blog\\Controller\\AdminController::addBilletAction","_route":"admin_billet_add"},"request_uri":"http://blog/admin/billet/add","method":"GET"} []
[2017-04-16 16:32:33] Blog.CRITICAL: Twig_Error_Syntax: A hash key must be followed by a colon (:). Unexpected token "name" of value "admin" ("punctuation" expected with value ":"). (uncaught exception) at D:\MAMP\htdocs\Blog\views\billet_form.html.twig line 25 {"exception":"[object] (Twig_Error_Syntax(code: 0): A hash key must be followed by a colon (:). Unexpected token \"name\" of value \"admin\" (\"punctuation\" expected with value \":\"). at D:\\MAMP\\htdocs\\Blog\\views\\billet_form.html.twig:25)"} []
[2017-04-16 16:33:07] Blog.INFO: Matched route "{route}". {"route":"admin_billet_add","route_parameters":{"_controller":"Blog\\Controller\\AdminController::addBilletAction","_route":"admin_billet_add"},"request_uri":"http://blog/admin/billet/add","method":"GET"} []
[2017-04-16 16:33:07] Blog.CRITICAL: Twig_Error_Syntax: A hash key must be followed by a colon (:). Unexpected token "name" of value "method" ("punctuation" expected with value ":"). (uncaught exception) at D:\MAMP\htdocs\Blog\views\billet_form.html.twig line 25 {"exception":"[object] (Twig_Error_Syntax(code: 0): A hash key must be followed by a colon (:). Unexpected token \"name\" of value \"method\" (\"punctuation\" expected with value \":\"). at D:\\MAMP\\htdocs\\Blog\\views\\billet_form.html.twig:25)"} []
[2017-04-16 16:33:14] Blog.INFO: Matched route "{route}". {"route":"admin_billet_add","route_parameters":{"_controller":"Blog\\Controller\\AdminController::addBilletAction","_route":"admin_billet_add"},"request_uri":"http://blog/admin/billet/add","method":"GET"} []
[2017-04-16 16:33:14] Blog.CRITICAL: Twig_Error_Syntax: A hash key must be a quoted string, a number, a name, or an expression enclosed in parentheses (unexpected token "punctuation" of value "{". (uncaught exception) at D:\MAMP\htdocs\Blog\views\billet_form.html.twig line 25 {"exception":"[object] (Twig_Error_Syntax(code: 0): A hash key must be a quoted string, a number, a name, or an expression enclosed in parentheses (unexpected token \"punctuation\" of value \"{\". at D:\\MAMP\\htdocs\\Blog\\views\\billet_form.html.twig:25)"} []
[2017-04-16 16:33:26] Blog.INFO: Matched route "{route}". {"route":"admin_billet_add","route_parameters":{"_controller":"Blog\\Controller\\AdminController::addBilletAction","_route":"admin_billet_add"},"request_uri":"http://blog/admin/billet/add","method":"GET"} []
[2017-04-16 17:07:16] Blog.INFO: Matched route "{route}". {"route":"home","route_parameters":{"_controller":"Blog\\Controller\\HomeController::indexAction","_route":"home"},"request_uri":"http://blog/","method":"GET"} []
[2017-04-16 17:07:17] Blog.INFO: Matched route "{route}". {"route":"admin","route_parameters":{"_controller":"Blog\\Controller\\AdminController::indexAction","_route":"admin"},"request_uri":"http://blog/admin","method":"GET"} []
[2017-04-16 17:07:19] Blog.INFO: Matched route "{route}". {"route":"admin_billet_add","route_parameters":{"_controller":"Blog\\Controller\\AdminController::addBilletAction","_route":"admin_billet_add"},"request_uri":"http://blog/admin/billet/add","method":"GET"} []
[2017-04-16 17:07:22] Blog.INFO: Matched route "{route}". {"route":"admin_billet_add","route_parameters":{"_controller":"Blog\\Controller\\AdminController::addBilletAction","_route":"admin_billet_add"},"request_uri":"http://blog/admin/billet/add","method":"POST"} []
[2017-04-16 17:07:24] Blog.INFO: Matched route "{route}". {"route":"home","route_parameters":{"_controller":"Blog\\Controller\\HomeController::indexAction","_route":"home"},"request_uri":"http://blog/","method":"GET"} []
[2017-04-16 17:07:30] Blog.INFO: Matched route "{route}". {"route":"admin","route_parameters":{"_controller":"Blog\\Controller\\AdminController::indexAction","_route":"admin"},"request_uri":"http://blog/admin","method":"GET"} []
[2017-04-16 17:08:32] Blog.INFO: Matched route "{route}". {"route":"admin_billet_add","route_parameters":{"_controller":"Blog\\Controller\\AdminController::addBilletAction","_route":"admin_billet_add"},"request_uri":"http://blog/admin/billet/add","method":"GET"} []
[2017-04-16 17:08:34] Blog.INFO: Matched route "{route}". {"route":"admin_billet_add","route_parameters":{"_controller":"Blog\\Controller\\AdminController::addBilletAction","_route":"admin_billet_add"},"request_uri":"http://blog/admin/billet/add","method":"POST"} []
[2017-04-16 17:08:34] Blog.CRITICAL: Doctrine\DBAL\Exception\NotNullConstraintViolationException: An exception occurred while executing 'INSERT INTO t_billet (billet_title, billet_content, billet_publication, author) VALUES (?, ?, ?, ?)' with params ["w", null, "2017-04-16 17:08:00", "2"]:  SQLSTATE[23000]: Integrity constraint violation: 1048 Column 'billet_content' cannot be null (uncaught exception) at D:\MAMP\htdocs\Blog\vendor\doctrine\dbal\lib\Doctrine\DBAL\Driver\AbstractMySQLDriver.php line 112 {"exception":"[object] (Doctrine\\DBAL\\Exception\\NotNullConstraintViolationException(code: 0): An exception occurred while executing 'INSERT INTO t_billet (billet_title, billet_content, billet_publication, author) VALUES (?, ?, ?, ?)' with params [\"w\", null, \"2017-04-16 17:08:00\", \"2\"]:\n\nSQLSTATE[23000]: Integrity constraint violation: 1048 Column 'billet_content' cannot be null at D:\\MAMP\\htdocs\\Blog\\vendor\\doctrine\\dbal\\lib\\Doctrine\\DBAL\\Driver\\AbstractMySQLDriver.php:112, Doctrine\\DBAL\\Driver\\PDOException(code: 23000): SQLSTATE[23000]: Integrity constraint violation: 1048 Column 'billet_content' cannot be null at D:\\MAMP\\htdocs\\Blog\\vendor\\doctrine\\dbal\\lib\\Doctrine\\DBAL\\Driver\\PDOStatement.php:93, PDOException(code: 23000): SQLSTATE[23000]: Integrity constraint violation: 1048 Column 'billet_content' cannot be null at D:\\MAMP\\htdocs\\Blog\\vendor\\doctrine\\dbal\\lib\\Doctrine\\DBAL\\Driver\\PDOStatement.php:91)"} []
[2017-04-16 17:08:36] Blog.INFO: Matched route "{route}". {"route":"home","route_parameters":{"_controller":"Blog\\Controller\\HomeController::indexAction","_route":"home"},"request_uri":"http://blog/","method":"GET"} []
[2017-04-16 17:08:38] Blog.INFO: Matched route "{route}". {"route":"admin","route_parameters":{"_controller":"Blog\\Controller\\AdminController::indexAction","_route":"admin"},"request_uri":"http://blog/admin","method":"GET"} []
[2017-04-16 17:08:42] Blog.INFO: Matched route "{route}". {"route":"home","route_parameters":{"_controller":"Blog\\Controller\\HomeController::indexAction","_route":"home"},"request_uri":"http://blog/","method":"GET"} []
[2017-04-16 17:16:24] Blog.INFO: Matched route "{route}". {"route":"home","route_parameters":{"_controller":"Blog\\Controller\\HomeController::indexAction","_route":"home"},"request_uri":"http://blog/","method":"GET"} []
[2017-04-16 17:16:26] Blog.INFO: Matched route "{route}". {"route":"admin","route_parameters":{"_controller":"Blog\\Controller\\AdminController::indexAction","_route":"admin"},"request_uri":"http://blog/admin","method":"GET"} []
[2017-04-16 17:16:28] Blog.INFO: Matched route "{route}". {"route":"admin_billet_add","route_parameters":{"_controller":"Blog\\Controller\\AdminController::addBilletAction","_route":"admin_billet_add"},"request_uri":"http://blog/admin/billet/add","method":"GET"} []
[2017-04-16 17:16:33] Blog.INFO: Matched route "{route}". {"route":"admin_billet_add","route_parameters":{"_controller":"Blog\\Controller\\AdminController::addBilletAction","_route":"admin_billet_add"},"request_uri":"http://blog/admin/billet/add","method":"POST"} []
[2017-04-16 17:16:34] Blog.INFO: Matched route "{route}". {"route":"home","route_parameters":{"_controller":"Blog\\Controller\\HomeController::indexAction","_route":"home"},"request_uri":"http://blog/","method":"GET"} []
[2017-04-16 17:18:12] Blog.INFO: Matched route "{route}". {"route":"admin","route_parameters":{"_controller":"Blog\\Controller\\AdminController::indexAction","_route":"admin"},"request_uri":"http://blog/admin","method":"GET"} []
[2017-04-16 17:18:14] Blog.INFO: Matched route "{route}". {"route":"admin_billet_add","route_parameters":{"_controller":"Blog\\Controller\\AdminController::addBilletAction","_route":"admin_billet_add"},"request_uri":"http://blog/admin/billet/add","method":"GET"} []
[2017-04-16 17:18:32] Blog.INFO: Matched route "{route}". {"route":"admin_billet_add","route_parameters":{"_controller":"Blog\\Controller\\AdminController::addBilletAction","_route":"admin_billet_add"},"request_uri":"http://blog/admin/billet/add","method":"GET"} []
[2017-04-16 17:18:35] Blog.INFO: Matched route "{route}". {"route":"admin_billet_add","route_parameters":{"_controller":"Blog\\Controller\\AdminController::addBilletAction","_route":"admin_billet_add"},"request_uri":"http://blog/admin/billet/add","method":"POST"} []
[2017-04-16 17:18:37] Blog.INFO: Matched route "{route}". {"route":"home","route_parameters":{"_controller":"Blog\\Controller\\HomeController::indexAction","_route":"home"},"request_uri":"http://blog/","method":"GET"} []
[2017-04-17 10:59:04] Blog.INFO: Matched route "{route}". {"route":"home","route_parameters":{"_controller":"Blog\\Controller\\HomeController::indexAction","_route":"home"},"request_uri":"http://blog/","method":"GET"} []
[2017-04-17 10:59:05] Blog.INFO: Matched route "{route}". {"route":"home","route_parameters":{"_controller":"Blog\\Controller\\HomeController::indexAction","_route":"home"},"request_uri":"http://blog/","method":"GET"} []
[2017-04-17 10:59:11] Blog.INFO: Matched route "{route}". {"route":"admin","route_parameters":{"_controller":"Blog\\Controller\\AdminController::indexAction","_route":"admin"},"request_uri":"http://blog/admin","method":"GET"} []
[2017-04-17 10:59:14] Blog.INFO: Matched route "{route}". {"route":"admin_billet_add","route_parameters":{"_controller":"Blog\\Controller\\AdminController::addBilletAction","_route":"admin_billet_add"},"request_uri":"http://blog/admin/billet/add","method":"GET"} []
[2017-04-17 10:59:23] Blog.INFO: Matched route "{route}". {"route":"admin_billet_add","route_parameters":{"_controller":"Blog\\Controller\\AdminController::addBilletAction","_route":"admin_billet_add"},"request_uri":"http://blog/admin/billet/add","method":"POST"} []
[2017-04-17 10:59:25] Blog.INFO: Matched route "{route}". {"route":"home","route_parameters":{"_controller":"Blog\\Controller\\HomeController::indexAction","_route":"home"},"request_uri":"http://blog/","method":"GET"} []
[2017-04-17 10:59:50] Blog.INFO: Matched route "{route}". {"route":"admin","route_parameters":{"_controller":"Blog\\Controller\\AdminController::indexAction","_route":"admin"},"request_uri":"http://blog/admin","method":"GET"} []
[2017-04-17 10:59:52] Blog.INFO: Matched route "{route}". {"route":"admin_billet_add","route_parameters":{"_controller":"Blog\\Controller\\AdminController::addBilletAction","_route":"admin_billet_add"},"request_uri":"http://blog/admin/billet/add","method":"GET"} []
[2017-04-17 10:59:59] Blog.INFO: Matched route "{route}". {"route":"admin_billet_add","route_parameters":{"_controller":"Blog\\Controller\\AdminController::addBilletAction","_route":"admin_billet_add"},"request_uri":"http://blog/admin/billet/add","method":"POST"} []
[2017-04-17 11:00:00] Blog.CRITICAL: Doctrine\DBAL\Exception\NotNullConstraintViolationException: An exception occurred while executing 'INSERT INTO t_billet (billet_title, billet_content, billet_publication, author) VALUES (?, ?, ?, ?)' with params ["a", null, "2017-04-17 10:59:00", "2"]:  SQLSTATE[23000]: Integrity constraint violation: 1048 Column 'billet_content' cannot be null (uncaught exception) at D:\MAMP\htdocs\Blog\vendor\doctrine\dbal\lib\Doctrine\DBAL\Driver\AbstractMySQLDriver.php line 112 {"exception":"[object] (Doctrine\\DBAL\\Exception\\NotNullConstraintViolationException(code: 0): An exception occurred while executing 'INSERT INTO t_billet (billet_title, billet_content, billet_publication, author) VALUES (?, ?, ?, ?)' with params [\"a\", null, \"2017-04-17 10:59:00\", \"2\"]:\n\nSQLSTATE[23000]: Integrity constraint violation: 1048 Column 'billet_content' cannot be null at D:\\MAMP\\htdocs\\Blog\\vendor\\doctrine\\dbal\\lib\\Doctrine\\DBAL\\Driver\\AbstractMySQLDriver.php:112, Doctrine\\DBAL\\Driver\\PDOException(code: 23000): SQLSTATE[23000]: Integrity constraint violation: 1048 Column 'billet_content' cannot be null at D:\\MAMP\\htdocs\\Blog\\vendor\\doctrine\\dbal\\lib\\Doctrine\\DBAL\\Driver\\PDOStatement.php:93, PDOException(code: 23000): SQLSTATE[23000]: Integrity constraint violation: 1048 Column 'billet_content' cannot be null at D:\\MAMP\\htdocs\\Blog\\vendor\\doctrine\\dbal\\lib\\Doctrine\\DBAL\\Driver\\PDOStatement.php:91)"} []
[2017-04-17 11:00:01] Blog.INFO: Matched route "{route}". {"route":"home","route_parameters":{"_controller":"Blog\\Controller\\HomeController::indexAction","_route":"home"},"request_uri":"http://blog/","method":"GET"} []
[2017-04-17 11:03:27] Blog.INFO: Matched route "{route}". {"route":"admin","route_parameters":{"_controller":"Blog\\Controller\\AdminController::indexAction","_route":"admin"},"request_uri":"http://blog/admin","method":"GET"} []
[2017-04-17 11:03:48] Blog.INFO: Matched route "{route}". {"route":"admin","route_parameters":{"_controller":"Blog\\Controller\\AdminController::indexAction","_route":"admin"},"request_uri":"http://blog/admin","method":"GET"} []
[2017-04-17 11:11:56] Blog.INFO: Matched route "{route}". {"route":"home","route_parameters":{"_controller":"Blog\\Controller\\HomeController::indexAction","_route":"home"},"request_uri":"http://blog/","method":"GET"} []
[2017-04-17 11:12:04] Blog.INFO: Matched route "{route}". {"route":"home","route_parameters":{"_controller":"Blog\\Controller\\HomeController::indexAction","_route":"home"},"request_uri":"http://blog/","method":"GET"} []
[2017-04-17 11:12:06] Blog.INFO: Matched route "{route}". {"route":"admin","route_parameters":{"_controller":"Blog\\Controller\\AdminController::indexAction","_route":"admin"},"request_uri":"http://blog/admin","method":"GET"} []
[2017-04-17 11:12:11] Blog.INFO: Matched route "{route}". {"route":"admin_billet_edit","route_parameters":{"_controller":"Blog\\Controller\\AdminController::editBilletAction","id":"24","_route":"admin_billet_edit"},"request_uri":"http://blog/admin/billet/24/edit","method":"GET"} []
[2017-04-17 11:12:50] Blog.INFO: Matched route "{route}". {"route":"admin_billet_edit","route_parameters":{"_controller":"Blog\\Controller\\AdminController::editBilletAction","id":"24","_route":"admin_billet_edit"},"request_uri":"http://blog/admin/billet/24/edit","method":"POST"} []
[2017-04-17 11:12:52] Blog.INFO: Matched route "{route}". {"route":"home","route_parameters":{"_controller":"Blog\\Controller\\HomeController::indexAction","_route":"home"},"request_uri":"http://blog/","method":"GET"} []
[2017-04-17 11:12:58] Blog.INFO: Matched route "{route}". {"route":"admin","route_parameters":{"_controller":"Blog\\Controller\\AdminController::indexAction","_route":"admin"},"request_uri":"http://blog/admin","method":"GET"} []
[2017-04-17 11:13:03] Blog.INFO: Matched route "{route}". {"route":"admin_billet_delete","route_parameters":{"_controller":"Blog\\Controller\\AdminController::deleteBilletAction","id":"19","_route":"admin_billet_delete"},"request_uri":"http://blog/admin/billet/19/delete","method":"GET"} []
[2017-04-17 11:13:03] Blog.INFO: Matched route "{route}". {"route":"admin","route_parameters":{"_controller":"Blog\\Controller\\AdminController::indexAction","_route":"admin"},"request_uri":"http://blog/admin","method":"GET"} []
[2017-04-17 11:13:05] Blog.INFO: Matched route "{route}". {"route":"admin_billet_delete","route_parameters":{"_controller":"Blog\\Controller\\AdminController::deleteBilletAction","id":"20","_route":"admin_billet_delete"},"request_uri":"http://blog/admin/billet/20/delete","method":"GET"} []
[2017-04-17 11:13:05] Blog.INFO: Matched route "{route}". {"route":"admin","route_parameters":{"_controller":"Blog\\Controller\\AdminController::indexAction","_route":"admin"},"request_uri":"http://blog/admin","method":"GET"} []
[2017-04-17 11:13:08] Blog.INFO: Matched route "{route}". {"route":"admin_billet_delete","route_parameters":{"_controller":"Blog\\Controller\\AdminController::deleteBilletAction","id":"21","_route":"admin_billet_delete"},"request_uri":"http://blog/admin/billet/21/delete","method":"GET"} []
[2017-04-17 11:13:09] Blog.INFO: Matched route "{route}". {"route":"admin","route_parameters":{"_controller":"Blog\\Controller\\AdminController::indexAction","_route":"admin"},"request_uri":"http://blog/admin","method":"GET"} []
[2017-04-17 11:13:11] Blog.INFO: Matched route "{route}". {"route":"admin_billet_delete","route_parameters":{"_controller":"Blog\\Controller\\AdminController::deleteBilletAction","id":"22","_route":"admin_billet_delete"},"request_uri":"http://blog/admin/billet/22/delete","method":"GET"} []
[2017-04-17 11:13:11] Blog.INFO: Matched route "{route}". {"route":"admin","route_parameters":{"_controller":"Blog\\Controller\\AdminController::indexAction","_route":"admin"},"request_uri":"http://blog/admin","method":"GET"} []
[2017-04-17 11:13:13] Blog.INFO: Matched route "{route}". {"route":"admin_billet_delete","route_parameters":{"_controller":"Blog\\Controller\\AdminController::deleteBilletAction","id":"23","_route":"admin_billet_delete"},"request_uri":"http://blog/admin/billet/23/delete","method":"GET"} []
[2017-04-17 11:13:13] Blog.INFO: Matched route "{route}". {"route":"admin","route_parameters":{"_controller":"Blog\\Controller\\AdminController::indexAction","_route":"admin"},"request_uri":"http://blog/admin","method":"GET"} []
[2017-04-17 11:13:15] Blog.INFO: Matched route "{route}". {"route":"admin_billet_delete","route_parameters":{"_controller":"Blog\\Controller\\AdminController::deleteBilletAction","id":"18","_route":"admin_billet_delete"},"request_uri":"http://blog/admin/billet/18/delete","method":"GET"} []
[2017-04-17 11:13:16] Blog.INFO: Matched route "{route}". {"route":"admin","route_parameters":{"_controller":"Blog\\Controller\\AdminController::indexAction","_route":"admin"},"request_uri":"http://blog/admin","method":"GET"} []
[2017-04-17 11:13:18] Blog.INFO: Matched route "{route}". {"route":"admin_billet_delete","route_parameters":{"_controller":"Blog\\Controller\\AdminController::deleteBilletAction","id":"9","_route":"admin_billet_delete"},"request_uri":"http://blog/admin/billet/9/delete","method":"GET"} []
[2017-04-17 11:13:18] Blog.INFO: Matched route "{route}". {"route":"admin","route_parameters":{"_controller":"Blog\\Controller\\AdminController::indexAction","_route":"admin"},"request_uri":"http://blog/admin","method":"GET"} []
[2017-04-17 11:13:21] Blog.INFO: Matched route "{route}". {"route":"admin_billet_delete","route_parameters":{"_controller":"Blog\\Controller\\AdminController::deleteBilletAction","id":"8","_route":"admin_billet_delete"},"request_uri":"http://blog/admin/billet/8/delete","method":"GET"} []
[2017-04-17 11:13:21] Blog.INFO: Matched route "{route}". {"route":"admin","route_parameters":{"_controller":"Blog\\Controller\\AdminController::indexAction","_route":"admin"},"request_uri":"http://blog/admin","method":"GET"} []
[2017-04-17 11:13:23] Blog.INFO: Matched route "{route}". {"route":"admin_billet_delete","route_parameters":{"_controller":"Blog\\Controller\\AdminController::deleteBilletAction","id":"7","_route":"admin_billet_delete"},"request_uri":"http://blog/admin/billet/7/delete","method":"GET"} []
[2017-04-17 11:13:24] Blog.INFO: Matched route "{route}". {"route":"admin","route_parameters":{"_controller":"Blog\\Controller\\AdminController::indexAction","_route":"admin"},"request_uri":"http://blog/admin","method":"GET"} []
[2017-04-17 11:13:25] Blog.INFO: Matched route "{route}". {"route":"home","route_parameters":{"_controller":"Blog\\Controller\\HomeController::indexAction","_route":"home"},"request_uri":"http://blog/","method":"GET"} []
[2017-04-17 11:13:32] Blog.INFO: Matched route "{route}". {"route":"admin","route_parameters":{"_controller":"Blog\\Controller\\AdminController::indexAction","_route":"admin"},"request_uri":"http://blog/admin","method":"GET"} []
